<?xml version="1.0" encoding="UTF-8"?>
<!-- Generated by org.testng.reporters.JUnitReportReporter -->
<testsuite hostname="DESKTOP-8L388PB" failures="0" tests="2" name="hw10Q2selenium.HW_10_selenium_E_link_partiallinkTest_click_method" time="10.392" errors="0" timestamp="2021-09-12T01:19:45 EDT" skipped="0">
  <testcase classname="hw10Q2selenium.HW_10_selenium_E_link_partiallinkTest_click_method" name="shopForCovidTestB" time="5.121"/>
  <system-out/>
  <testcase classname="hw10Q2selenium.HW_10_selenium_E_link_partiallinkTest_click_method" name="shopForCovidTestA" time="5.271"/>
  <system-out/>
</testsuite> <!-- hw10Q2selenium.HW_10_selenium_E_link_partiallinkTest_click_method -->
