<?xml version="1.0" encoding="UTF-8"?>
<!-- Generated by org.testng.reporters.JUnitReportReporter -->
<testsuite hostname="DESKTOP-8L388PB" failures="0" tests="2" name="hw12Q2selenium.HW_12_A_use_of_pageLoadTimeout_setScriptTimeout" time="3.742" errors="0" timestamp="2021-10-13T17:24:01 EDT" skipped="0">
  <testcase classname="hw12Q2selenium.HW_12_A_use_of_pageLoadTimeout_setScriptTimeout" name="pageLoadTimeOutForWindow" time="0.827"/>
  <system-out/>
  <testcase classname="hw12Q2selenium.HW_12_A_use_of_pageLoadTimeout_setScriptTimeout" name="setScriptTimeOutForWindow" time="2.915"/>
  <system-out/>
</testsuite> <!-- hw12Q2selenium.HW_12_A_use_of_pageLoadTimeout_setScriptTimeout -->
