<?xml version="1.0" encoding="UTF-8"?>
<!-- Generated by org.testng.reporters.JUnitReportReporter -->
<testsuite hostname="DESKTOP-8L388PB" failures="0" tests="2" name="hw11Q2selenium.HW_11_use_of_sendKey_click_clear_method_with_keys_enter_function_I" time="5.654" errors="0" timestamp="2021-09-24T22:11:34 EDT" skipped="1">
  <testcase classname="hw11Q2selenium.HW_11_use_of_sendKey_click_clear_method_with_keys_enter_function_I" name="testSearchButtonAfterSecondItemInSearchFeid" time="5.654"/>
  <system-out/>
  <testcase classname="hw11Q2selenium.HW_11_use_of_sendKey_click_clear_method_with_keys_enter_function_I" name="testSearchButtonAfterWritingItemNameInSearchField">
    <skipped/>
  </testcase> <!-- testSearchButtonAfterWritingItemNameInSearchField -->
  <system-out/>
</testsuite> <!-- hw11Q2selenium.HW_11_use_of_sendKey_click_clear_method_with_keys_enter_function_I -->
