<?xml version="1.0" encoding="UTF-8"?>
<!-- Generated by org.testng.reporters.JUnitReportReporter -->
<testsuite hostname="DESKTOP-8L388PB" failures="0" tests="7" name="hw10Q2selenium.HW_10_selenium_C_click_method_by_different_locater" time="18.343" errors="0" timestamp="2021-09-12T22:42:16 EDT" skipped="3">
  <testcase classname="hw10Q2selenium.HW_10_selenium_C_click_method_by_different_locater" name="planTravelButtonFieldTest" time="3.138"/>
  <system-out/>
  <testcase classname="hw10Q2selenium.HW_10_selenium_C_click_method_by_different_locater" name="searchFieldTest" time="5.081"/>
  <system-out/>
  <testcase classname="hw10Q2selenium.HW_10_selenium_C_click_method_by_different_locater" name="loginButtonBelowFieldTest" time="5.066"/>
  <system-out/>
  <testcase classname="hw10Q2selenium.HW_10_selenium_C_click_method_by_different_locater" name="preparedForTheAirFieldTest" time="5.058"/>
  <system-out/>
  <testcase classname="hw10Q2selenium.HW_10_selenium_C_click_method_by_different_locater" name="joinButtonFieldTest">
    <skipped/>
  </testcase> <!-- joinButtonFieldTest -->
  <system-out/>
  <testcase classname="hw10Q2selenium.HW_10_selenium_C_click_method_by_different_locater" name="departDateFieldTest">
    <skipped/>
  </testcase> <!-- departDateFieldTest -->
  <system-out/>
  <testcase classname="hw10Q2selenium.HW_10_selenium_C_click_method_by_different_locater" name="travelWithConfidenceFieldTest">
    <skipped/>
  </testcase> <!-- travelWithConfidenceFieldTest -->
  <system-out/>
</testsuite> <!-- hw10Q2selenium.HW_10_selenium_C_click_method_by_different_locater -->
