<?xml version="1.0" encoding="UTF-8"?>
<!-- Generated by org.testng.reporters.JUnitReportReporter -->
<testsuite hostname="DESKTOP-8L388PB" failures="0" tests="1" name="hw11Q2selenium.HW_11_use_of_isSelected_methor" time="3.049" errors="0" timestamp="2021-09-16T16:56:07 EDT" skipped="0">
  <testcase classname="hw11Q2selenium.HW_11_use_of_isSelected_methor" name="checkBoxNameRememberMeTest" time="3.049"/>
  <system-out/>
</testsuite> <!-- hw11Q2selenium.HW_11_use_of_isSelected_methor -->
