<?xml version="1.0" encoding="UTF-8"?>
<!-- Generated by org.testng.reporters.JUnitReportReporter -->
<testsuite hostname="DESKTOP-8L388PB" failures="0" tests="7" name="hw10Q2selenium.HW_10_selenium_C_click_method_by_different_locater" time="6.302" errors="0" timestamp="2021-09-12T02:17:14 EDT" skipped="5">
  <testcase classname="hw10Q2selenium.HW_10_selenium_C_click_method_by_different_locater" name="planTravelButtonFieldTest" time="3.126"/>
  <system-out/>
  <testcase classname="hw10Q2selenium.HW_10_selenium_C_click_method_by_different_locater" name="departDateFieldTest" time="3.176"/>
  <system-out/>
  <testcase classname="hw10Q2selenium.HW_10_selenium_C_click_method_by_different_locater" name="loginButtonBelowFieldTest">
    <skipped/>
  </testcase> <!-- loginButtonBelowFieldTest -->
  <system-out/>
  <testcase classname="hw10Q2selenium.HW_10_selenium_C_click_method_by_different_locater" name="joinButtonFieldTest">
    <skipped/>
  </testcase> <!-- joinButtonFieldTest -->
  <system-out/>
  <testcase classname="hw10Q2selenium.HW_10_selenium_C_click_method_by_different_locater" name="searchFieldTest">
    <skipped/>
  </testcase> <!-- searchFieldTest -->
  <system-out/>
  <testcase classname="hw10Q2selenium.HW_10_selenium_C_click_method_by_different_locater" name="preparedForTheAirFieldTest">
    <skipped/>
  </testcase> <!-- preparedForTheAirFieldTest -->
  <system-out/>
  <testcase classname="hw10Q2selenium.HW_10_selenium_C_click_method_by_different_locater" name="travelWithConfidenceFieldTest">
    <skipped/>
  </testcase> <!-- travelWithConfidenceFieldTest -->
  <system-out/>
</testsuite> <!-- hw10Q2selenium.HW_10_selenium_C_click_method_by_different_locater -->
