<?xml version="1.0" encoding="UTF-8"?>
<!-- Generated by org.testng.reporters.JUnitReportReporter -->
<testsuite hostname="DESKTOP-8L388PB" failures="0" tests="1" name="selenium.B_use_of_get_method" time="0.170" errors="0" timestamp="2021-09-07T00:57:18 EDT" skipped="0">
  <testcase classname="selenium.B_use_of_get_method" name="loginButtonTest" time="0.170"/>
  <system-out/>
</testsuite> <!-- selenium.B_use_of_get_method -->
