<?xml version="1.0" encoding="UTF-8"?>
<!-- Generated by org.testng.reporters.JUnitReportReporter -->
<testsuite hostname="DESKTOP-8L388PB" failures="0" tests="1" name="hw10Q2selenium.HW_10_selenium_G_tagName_with_click_method" time="5.007" errors="0" timestamp="2021-09-12T22:51:10 EDT" skipped="0">
  <testcase classname="hw10Q2selenium.HW_10_selenium_G_tagName_with_click_method" name="joinButtonTest" time="5.007"/>
  <system-out/>
</testsuite> <!-- hw10Q2selenium.HW_10_selenium_G_tagName_with_click_method -->
