<?xml version="1.0" encoding="UTF-8"?>
<!-- Generated by org.testng.reporters.JUnitReportReporter -->
<testsuite hostname="DESKTOP-8L388PB" failures="0" tests="1" name="hw11Q2selenium.HW_11_use_of_HoverOver_Action_method_C" time="11.308" errors="0" timestamp="2021-09-22T00:02:28 EDT" skipped="0">
  <testcase classname="hw11Q2selenium.HW_11_use_of_HoverOver_Action_method_C" name="mouseHoverActionOnDealsTest" time="11.308"/>
  <system-out/>
</testsuite> <!-- hw11Q2selenium.HW_11_use_of_HoverOver_Action_method_C -->
