<?xml version="1.0" encoding="UTF-8"?>
<!-- Generated by org.testng.reporters.JUnitReportReporter -->
<testsuite hostname="DESKTOP-8L388PB" failures="0" tests="1" name="hw10Q2selenium.HW_10_selenium_D_sendkey_method_using_xpath" time="5.122" errors="0" timestamp="2021-09-13T22:06:46 EDT" skipped="0">
  <testcase classname="hw10Q2selenium.HW_10_selenium_D_sendkey_method_using_xpath" name="employeeIdTest" time="5.122"/>
  <system-out/>
</testsuite> <!-- hw10Q2selenium.HW_10_selenium_D_sendkey_method_using_xpath -->
