<?xml version="1.0" encoding="UTF-8"?>
<!-- Generated by org.testng.reporters.JUnitReportReporter -->
<testsuite hostname="DESKTOP-8L388PB" failures="0" tests="1" name="hw10Q2selenium.HomeWork_10_selenium" time="0.119" errors="0" timestamp="2021-09-07T02:02:29 EDT" skipped="0">
  <testcase classname="hw10Q2selenium.HomeWork_10_selenium" name="logoTest" time="0.119"/>
  <system-out/>
</testsuite> <!-- hw10Q2selenium.HomeWork_10_selenium -->
