<?xml version="1.0" encoding="UTF-8"?>
<!-- Generated by org.testng.reporters.JUnitReportReporter -->
<testsuite hostname="DESKTOP-8L388PB" failures="0" tests="1" name="hw11Q2selenium.HW_use_of_HoverOver_aAction_method" time="11.404" errors="0" timestamp="2021-09-16T00:01:37 EDT" skipped="0">
  <testcase classname="hw11Q2selenium.HW_use_of_HoverOver_aAction_method" name="mouseHoverActionOnDealsTest" time="11.404"/>
  <system-out/>
</testsuite> <!-- hw11Q2selenium.HW_use_of_HoverOver_aAction_method -->
