<?xml version="1.0" encoding="UTF-8"?>
<!-- Generated by org.testng.reporters.JUnitReportReporter -->
<testsuite hostname="DESKTOP-8L388PB" failures="0" tests="1" name="hw11Q2selenium.HW_11_selenium_use_of_click_method_B" time="1.966" errors="0" timestamp="2021-09-15T14:26:58 EDT" skipped="0">
  <testcase classname="hw11Q2selenium.HW_11_selenium_use_of_click_method_B" name="ebeySearchFieldTest" time="1.966"/>
  <system-out/>
</testsuite> <!-- hw11Q2selenium.HW_11_selenium_use_of_click_method_B -->
