<?xml version="1.0" encoding="UTF-8"?>
<!-- Generated by org.testng.reporters.JUnitReportReporter -->
<testsuite hostname="DESKTOP-8L388PB" failures="0" tests="2" name="hw10Q2selenium.HW_10_selenium_E_link_partiallinkTest_click_method" time="10.401" errors="0" timestamp="2021-09-19T23:47:29 EDT" skipped="0">
  <testcase classname="hw10Q2selenium.HW_10_selenium_E_link_partiallinkTest_click_method" name="shopForCovidTestB" time="5.124"/>
  <system-out/>
  <testcase classname="hw10Q2selenium.HW_10_selenium_E_link_partiallinkTest_click_method" name="shopForCovidTestA" time="5.277"/>
  <system-out/>
</testsuite> <!-- hw10Q2selenium.HW_10_selenium_E_link_partiallinkTest_click_method -->
