<?xml version="1.0" encoding="UTF-8"?>
<!-- Generated by org.testng.reporters.JUnitReportReporter -->
<testsuite hostname="DESKTOP-8L388PB" failures="0" tests="1" name="hw11Q2selenium.HW_11_use_of_isEnabled_methor_E" time="0.103" errors="0" timestamp="2021-09-22T00:45:49 EDT" skipped="0">
  <testcase classname="hw11Q2selenium.HW_11_use_of_isEnabled_methor_E" name="logoTest" time="0.103"/>
  <system-out/>
</testsuite> <!-- hw11Q2selenium.HW_11_use_of_isEnabled_methor_E -->
