<?xml version="1.0" encoding="UTF-8"?>
<!-- Generated by org.testng.reporters.JUnitReportReporter -->
<testsuite hostname="DESKTOP-8L388PB" failures="0" tests="3" name="hw12Q2selenium.HW_12_C_Three_methods_of_dropdown_Rightclick_handling_alert" time="21.916" errors="0" timestamp="2021-09-25T00:02:27 EDT" skipped="0">
  <testcase classname="hw12Q2selenium.HW_12_C_Three_methods_of_dropdown_Rightclick_handling_alert" name="dropdownButtonWithIndexTest" time="9.667"/>
  <system-out/>
  <testcase classname="hw12Q2selenium.HW_12_C_Three_methods_of_dropdown_Rightclick_handling_alert" name="seleceByVisiblaTextTest" time="6.130"/>
  <system-out/>
  <testcase classname="hw12Q2selenium.HW_12_C_Three_methods_of_dropdown_Rightclick_handling_alert" name="seleceByValueTextTest" time="6.119"/>
  <system-out/>
</testsuite> <!-- hw12Q2selenium.HW_12_C_Three_methods_of_dropdown_Rightclick_handling_alert -->
