<?xml version="1.0" encoding="UTF-8"?>
<!-- Generated by org.testng.reporters.JUnitReportReporter -->
<testsuite hostname="DESKTOP-8L388PB" failures="0" tests="8" name="hw12Q2selenium.HW_12_use_of_JavascriptExecutor_for_click_and_send_keys_B" time="13.017" errors="0" timestamp="2021-09-24T21:41:23 EDT" skipped="0">
  <testcase classname="hw12Q2selenium.HW_12_use_of_JavascriptExecutor_for_click_and_send_keys_B" name="loginButtonTest01" time="3.099"/>
  <system-out/>
  <testcase classname="hw12Q2selenium.HW_12_use_of_JavascriptExecutor_for_click_and_send_keys_B" name="loginButtonTest02" time="3.024"/>
  <system-out/>
  <testcase classname="hw12Q2selenium.HW_12_use_of_JavascriptExecutor_for_click_and_send_keys_B" name="loginButtonTest03" time="3.046"/>
  <system-out/>
  <testcase classname="hw12Q2selenium.HW_12_use_of_JavascriptExecutor_for_click_and_send_keys_B" name="loginButtonTest04" time="3.097"/>
  <system-out/>
  <testcase classname="hw12Q2selenium.HW_12_use_of_JavascriptExecutor_for_click_and_send_keys_B" name="gTalkLoginButtonTest05" time="0.202"/>
  <system-out/>
  <testcase classname="hw12Q2selenium.HW_12_use_of_JavascriptExecutor_for_click_and_send_keys_B" name="gTalkLoginButtonTest06" time="0.169"/>
  <system-out/>
  <testcase classname="hw12Q2selenium.HW_12_use_of_JavascriptExecutor_for_click_and_send_keys_B" name="gTalkLoginButtonTest07" time="0.193"/>
  <system-out/>
  <testcase classname="hw12Q2selenium.HW_12_use_of_JavascriptExecutor_for_click_and_send_keys_B" name="gTalkLoginButtonTest08" time="0.187"/>
  <system-out/>
</testsuite> <!-- hw12Q2selenium.HW_12_use_of_JavascriptExecutor_for_click_and_send_keys_B -->
