<?xml version="1.0" encoding="UTF-8"?>
<!-- Generated by org.testng.reporters.JUnitReportReporter -->
<testsuite hostname="DESKTOP-8L388PB" failures="0" tests="1" name="hw10Q2selenium.HW_10_selenium_B_clict_method" time="0.152" errors="0" timestamp="2021-09-11T00:45:01 EDT" skipped="0">
  <testcase classname="hw10Q2selenium.HW_10_selenium_B_clict_method" name="logoTest" time="0.152"/>
  <system-out/>
</testsuite> <!-- hw10Q2selenium.HW_10_selenium_B_clict_method -->
