<?xml version="1.0" encoding="UTF-8"?>
<!-- Generated by org.testng.reporters.JUnitReportReporter -->
<testsuite hostname="DESKTOP-8L388PB" failures="0" tests="2" name="hw12Q2selenium.HW_12_use_of_pageLoadTimeout_setScriptTimeout_A" time="4.067" errors="0" timestamp="2021-09-24T18:16:27 EDT" skipped="0">
  <testcase classname="hw12Q2selenium.HW_12_use_of_pageLoadTimeout_setScriptTimeout_A" name="pageLoadTimeOutForWindow" time="1.272"/>
  <system-out/>
  <testcase classname="hw12Q2selenium.HW_12_use_of_pageLoadTimeout_setScriptTimeout_A" name="setScriptTimeOutForWindow" time="2.795"/>
  <system-out/>
</testsuite> <!-- hw12Q2selenium.HW_12_use_of_pageLoadTimeout_setScriptTimeout_A -->
