<?xml version="1.0" encoding="UTF-8"?>
<!-- Generated by org.testng.reporters.JUnitReportReporter -->
<testsuite hostname="DESKTOP-8L388PB" failures="0" tests="1" name="hw11Q2selenium.HW_use_of_navigate_method" time="11.383" errors="0" timestamp="2021-09-15T17:47:45 EDT" skipped="0">
  <testcase classname="hw11Q2selenium.HW_use_of_navigate_method" name="navigationTest" time="11.383"/>
  <system-out/>
</testsuite> <!-- hw11Q2selenium.HW_use_of_navigate_method -->
