<?xml version="1.0" encoding="UTF-8"?>
<!-- Generated by org.testng.reporters.JUnitReportReporter -->
<testsuite hostname="DESKTOP-8L388PB" failures="0" tests="8" name="hw10Q2selenium.HW_10_selenium_C_click_method_by_different_locators" time="5.165" errors="0" timestamp="2021-09-21T00:31:38 EDT" skipped="7">
  <testcase classname="hw10Q2selenium.HW_10_selenium_C_click_method_by_different_locators" name="planTravelButtonTest" time="5.165"/>
  <system-out/>
  <testcase classname="hw10Q2selenium.HW_10_selenium_C_click_method_by_different_locators" name="joinButtonFieldTest">
    <skipped/>
  </testcase> <!-- joinButtonFieldTest -->
  <system-out/>
  <testcase classname="hw10Q2selenium.HW_10_selenium_C_click_method_by_different_locators" name="preparedForTheAirFieldTest">
    <skipped/>
  </testcase> <!-- preparedForTheAirFieldTest -->
  <system-out/>
  <testcase classname="hw10Q2selenium.HW_10_selenium_C_click_method_by_different_locators" name="planTravelButtonFieldTest">
    <skipped/>
  </testcase> <!-- planTravelButtonFieldTest -->
  <system-out/>
  <testcase classname="hw10Q2selenium.HW_10_selenium_C_click_method_by_different_locators" name="searchFieldBlueButtonTest">
    <skipped/>
  </testcase> <!-- searchFieldBlueButtonTest -->
  <system-out/>
  <testcase classname="hw10Q2selenium.HW_10_selenium_C_click_method_by_different_locators" name="departDateFieldTest">
    <skipped/>
  </testcase> <!-- departDateFieldTest -->
  <system-out/>
  <testcase classname="hw10Q2selenium.HW_10_selenium_C_click_method_by_different_locators" name="loginButtonBelowFieldTest">
    <skipped/>
  </testcase> <!-- loginButtonBelowFieldTest -->
  <system-out/>
  <testcase classname="hw10Q2selenium.HW_10_selenium_C_click_method_by_different_locators" name="travelWithConfidenceBigRectangleBoxFieldTest">
    <skipped/>
  </testcase> <!-- travelWithConfidenceBigRectangleBoxFieldTest -->
  <system-out/>
</testsuite> <!-- hw10Q2selenium.HW_10_selenium_C_click_method_by_different_locators -->
