<?xml version="1.0" encoding="UTF-8"?>
<!-- Generated by org.testng.reporters.JUnitReportReporter -->
<testsuite hostname="DESKTOP-8L388PB" failures="0" tests="9" name="hw12Q2selenium.HW_12_B_use_of_JavascriptExecutor_for_click_and_send_keys" time="15.974" errors="0" timestamp="2021-10-13T17:26:12 EDT" skipped="0">
  <testcase classname="hw12Q2selenium.HW_12_B_use_of_JavascriptExecutor_for_click_and_send_keys" name="loginButtonTest01" time="3.126"/>
  <system-out/>
  <testcase classname="hw12Q2selenium.HW_12_B_use_of_JavascriptExecutor_for_click_and_send_keys" name="loginButtonTest02" time="3.033"/>
  <system-out/>
  <testcase classname="hw12Q2selenium.HW_12_B_use_of_JavascriptExecutor_for_click_and_send_keys" name="loginButtonTest03" time="3.029"/>
  <system-out/>
  <testcase classname="hw12Q2selenium.HW_12_B_use_of_JavascriptExecutor_for_click_and_send_keys" name="loginButtonTest04" time="3.064"/>
  <system-out/>
  <testcase classname="hw12Q2selenium.HW_12_B_use_of_JavascriptExecutor_for_click_and_send_keys" name="loginButtonTest05" time="3.098"/>
  <system-out/>
  <testcase classname="hw12Q2selenium.HW_12_B_use_of_JavascriptExecutor_for_click_and_send_keys" name="gTalkLoginButtonTest06" time="0.164"/>
  <system-out/>
  <testcase classname="hw12Q2selenium.HW_12_B_use_of_JavascriptExecutor_for_click_and_send_keys" name="gTalkLoginButtonTest07" time="0.164"/>
  <system-out/>
  <testcase classname="hw12Q2selenium.HW_12_B_use_of_JavascriptExecutor_for_click_and_send_keys" name="gTalkLoginButtonTest08" time="0.153"/>
  <system-out/>
  <testcase classname="hw12Q2selenium.HW_12_B_use_of_JavascriptExecutor_for_click_and_send_keys" name="gTalkLoginButtonTest09" time="0.143"/>
  <system-out/>
</testsuite> <!-- hw12Q2selenium.HW_12_B_use_of_JavascriptExecutor_for_click_and_send_keys -->
