<?xml version="1.0" encoding="UTF-8"?>
<!-- Generated by org.testng.reporters.JUnitReportReporter -->
<testsuite hostname="DESKTOP-8L388PB" failures="0" tests="1" name="hw10Q2selenium.HW_10_selenium_F_navigate_method" time="15.509" errors="0" timestamp="2021-09-12T00:03:16 EDT" skipped="0">
  <testcase classname="hw10Q2selenium.HW_10_selenium_F_navigate_method" name="navigationTest" time="15.509"/>
  <system-out/>
</testsuite> <!-- hw10Q2selenium.HW_10_selenium_F_navigate_method -->
