<?xml version="1.0" encoding="UTF-8"?>
<!-- Generated by org.testng.reporters.JUnitReportReporter -->
<testsuite hostname="DESKTOP-8L388PB" failures="0" tests="1" name="hw10Q2selenium.HW_10_selenium_G_tagName_with_click_method" time="5.036" errors="0" timestamp="2021-09-12T02:10:14 EDT" skipped="0">
  <testcase classname="hw10Q2selenium.HW_10_selenium_G_tagName_with_click_method" name="logoTest" time="5.036"/>
  <system-out/>
</testsuite> <!-- hw10Q2selenium.HW_10_selenium_G_tagName_with_click_method -->
