<?xml version="1.0" encoding="UTF-8"?>
<!-- Generated by org.testng.reporters.JUnitReportReporter -->
<testsuite hostname="DESKTOP-8L388PB" failures="0" tests="1" name="selenium.B_use_of_FirefoxDriver" time="2.171" errors="0" timestamp="2021-09-19T20:38:02 EDT" skipped="0">
  <testcase classname="selenium.B_use_of_FirefoxDriver" name="searchFieldButtonTest" time="2.171"/>
  <system-out/>
</testsuite> <!-- selenium.B_use_of_FirefoxDriver -->
