<?xml version="1.0" encoding="UTF-8"?>
<!-- Generated by org.testng.reporters.JUnitReportReporter -->
<testsuite hostname="DESKTOP-8L388PB" failures="0" tests="3" name="hw12Q2selenium.HW_12_C_Three_methods_of_dropdown" time="19.602" errors="0" timestamp="2021-10-10T18:12:05 EDT" skipped="0">
  <testcase classname="hw12Q2selenium.HW_12_C_Three_methods_of_dropdown" name="dropdownButtonWithIndexTest" time="7.307"/>
  <system-out/>
  <testcase classname="hw12Q2selenium.HW_12_C_Three_methods_of_dropdown" name="seleceByVisiblaTextTest" time="6.152"/>
  <system-out/>
  <testcase classname="hw12Q2selenium.HW_12_C_Three_methods_of_dropdown" name="seleceByValueTextTest" time="6.143"/>
  <system-out/>
</testsuite> <!-- hw12Q2selenium.HW_12_C_Three_methods_of_dropdown -->
