<?xml version="1.0" encoding="UTF-8"?>
<!-- Generated by org.testng.reporters.JUnitReportReporter -->
<testsuite hostname="DESKTOP-8L388PB" failures="0" tests="5" name="hw11Q2selenium.HW_11_use_of_Maximize_Driver" time="20.509" errors="0" timestamp="2021-09-16T19:39:25 EDT" skipped="0">
  <testcase classname="hw11Q2selenium.HW_11_use_of_Maximize_Driver" name="maximizeWindow" time="1.429"/>
  <system-out/>
  <testcase classname="hw11Q2selenium.HW_11_use_of_Maximize_Driver" name="fullScreenWindow" time="5.048"/>
  <system-out/>
  <testcase classname="hw11Q2selenium.HW_11_use_of_Maximize_Driver" name="sizeOfWindow" time="5.932"/>
  <system-out/>
  <testcase classname="hw11Q2selenium.HW_11_use_of_Maximize_Driver" name="deleteCookies" time="6.367"/>
  <system-out/>
  <testcase classname="hw11Q2selenium.HW_11_use_of_Maximize_Driver" name="setAspecificSizeWindow" time="1.733"/>
  <system-out/>
</testsuite> <!-- hw11Q2selenium.HW_11_use_of_Maximize_Driver -->
