<?xml version="1.0" encoding="UTF-8"?>
<!-- Generated by org.testng.reporters.JUnitReportReporter -->
<testsuite hostname="DESKTOP-8L388PB" failures="0" tests="1" name="hw11Q2selenium.HW_11_use_of_isSelected_method_F" time="3.054" errors="0" timestamp="2021-09-22T01:02:38 EDT" skipped="0">
  <testcase classname="hw11Q2selenium.HW_11_use_of_isSelected_method_F" name="checkBoxNameRememberMeTest" time="3.054"/>
  <system-out/>
</testsuite> <!-- hw11Q2selenium.HW_11_use_of_isSelected_method_F -->
