<?xml version="1.0" encoding="UTF-8"?>
<!-- Generated by org.testng.reporters.JUnitReportReporter -->
<testsuite hostname="DESKTOP-8L388PB" failures="0" tests="1" name="hw12Q2selenium.HW_12_D_use_of_Rightclick" time="10.308" errors="0" timestamp="2021-09-25T01:39:39 EDT" skipped="0">
  <testcase classname="hw12Q2selenium.HW_12_D_use_of_Rightclick" name="rightActionTest" time="10.308"/>
  <system-out/>
</testsuite> <!-- hw12Q2selenium.HW_12_D_use_of_Rightclick -->
