<?xml version="1.0" encoding="UTF-8"?>
<!-- Generated by org.testng.reporters.JUnitReportReporter -->
<testsuite hostname="DESKTOP-8L388PB" failures="0" tests="5" name="hw11Q2selenium.HW_11_use_of_Maximize_Driver_G" time="23.895" errors="0" timestamp="2021-09-22T23:41:43 EDT" skipped="0">
  <testcase classname="hw11Q2selenium.HW_11_use_of_Maximize_Driver_G" name="maximizeWindow" time="4.403"/>
  <system-out/>
  <testcase classname="hw11Q2selenium.HW_11_use_of_Maximize_Driver_G" name="fullScreenWindow" time="5.148"/>
  <system-out/>
  <testcase classname="hw11Q2selenium.HW_11_use_of_Maximize_Driver_G" name="sizeOfWindow" time="6.216"/>
  <system-out/>
  <testcase classname="hw11Q2selenium.HW_11_use_of_Maximize_Driver_G" name="deleteCookies" time="6.233"/>
  <system-out/>
  <testcase classname="hw11Q2selenium.HW_11_use_of_Maximize_Driver_G" name="setAspecificSizeWindow" time="1.895"/>
  <system-out/>
</testsuite> <!-- hw11Q2selenium.HW_11_use_of_Maximize_Driver_G -->
