<?xml version="1.0" encoding="UTF-8"?>
<!-- Generated by org.testng.reporters.JUnitReportReporter -->
<testsuite hostname="DESKTOP-8L388PB" failures="0" tests="1" name="hw11Q2selenium.HW_11_use_of_sendKey_click_clear_method_with_keys_enter_function" time="0.125" errors="0" timestamp="2021-09-15T16:35:49 EDT" skipped="0">
  <testcase classname="hw11Q2selenium.HW_11_use_of_sendKey_click_clear_method_with_keys_enter_function" name="logoTest" time="0.125"/>
  <system-out/>
</testsuite> <!-- hw11Q2selenium.HW_11_use_of_sendKey_click_clear_method_with_keys_enter_function -->
