<?xml version="1.0" encoding="UTF-8"?>
<!-- Generated by org.testng.reporters.JUnitReportReporter -->
<testsuite hostname="DESKTOP-8L388PB" failures="0" tests="2" name="hw11Q2selenium.HW_11_selenium_use_of_various_method_with_xpatch_D" time="13.135" errors="0" timestamp="2021-09-15T13:57:05 EDT" skipped="0">
  <testcase classname="hw11Q2selenium.HW_11_selenium_use_of_various_method_with_xpatch_D" name="testSearchButtonAfterWritingItemNameInSearchField" time="7.298"/>
  <system-out/>
  <testcase classname="hw11Q2selenium.HW_11_selenium_use_of_various_method_with_xpatch_D" name="testSearchButtonAfterSecondItemInSearchFeid" time="5.837"/>
  <system-out/>
</testsuite> <!-- hw11Q2selenium.HW_11_selenium_use_of_various_method_with_xpatch_D -->
