<?xml version="1.0" encoding="UTF-8"?>
<!-- Generated by org.testng.reporters.JUnitReportReporter -->
<testsuite hostname="DESKTOP-8L388PB" failures="0" tests="1" name="hw11Q2selenium.HW_11_use_of_IsDisplayed_method" time="0.139" errors="0" timestamp="2021-09-15T15:12:49 EDT" skipped="0">
  <testcase classname="hw11Q2selenium.HW_11_use_of_IsDisplayed_method" name="ebeyLogoTest" time="0.139"/>
  <system-out/>
</testsuite> <!-- hw11Q2selenium.HW_11_use_of_IsDisplayed_method -->
